Arguments: 
  /Users/johnakh/.nvm/versions/node/v18.14.0/bin/node /Users/johnakh/.nvm/versions/node/v18.14.0/bin/yarn add lead-delivery-common@1.26.3

PATH: 
  /Users/johnakh/.rvm/gems/ruby-3.0.0/bin:/Users/johnakh/.rvm/gems/ruby-3.0.0@global/bin:/Users/johnakh/.rvm/rubies/ruby-3.0.0/bin:/Users/johnakh/.rbenv/shims:/Users/johnakh/.rbenv/bin:/Users/johnakh/.nvm/versions/node/v18.14.0/bin:/opt/homebrew/bin:/opt/homebrew/sbin:/usr/local/bin:/usr/bin:/bin:/usr/sbin:/sbin:/Library/Apple/usr/bin:/Users/johnakh/.rvm/gems/ruby-3.0.0/bin:/Users/johnakh/.rvm/gems/ruby-3.0.0@global/bin:/Users/johnakh/.rvm/rubies/ruby-3.0.0/bin:/Users/johnakh/.rbenv/shims:/Users/johnakh/.rbenv/bin:/Users/johnakh/.nvm/versions/node/v18.14.0/bin:/opt/homebrew/bin:/opt/homebrew/sbin:/Users/johnakh/.rvm/bin

Yarn version: 
  1.22.19

Node version: 
  18.14.0

Platform: 
  darwin arm64

Trace: 
  Error: https://registry.yarnpkg.com/lead-delivery-common: Not found
      at params.callback [as _callback] (/Users/johnakh/.nvm/versions/node/v18.14.0/lib/node_modules/yarn/lib/cli.js:66145:18)
      at self.callback (/Users/johnakh/.nvm/versions/node/v18.14.0/lib/node_modules/yarn/lib/cli.js:140890:22)
      at Request.emit (node:events:513:28)
      at Request.<anonymous> (/Users/johnakh/.nvm/versions/node/v18.14.0/lib/node_modules/yarn/lib/cli.js:141862:10)
      at Request.emit (node:events:513:28)
      at IncomingMessage.<anonymous> (/Users/johnakh/.nvm/versions/node/v18.14.0/lib/node_modules/yarn/lib/cli.js:141784:12)
      at Object.onceWrapper (node:events:627:28)
      at IncomingMessage.emit (node:events:525:35)
      at endReadableNT (node:internal/streams/readable:1359:12)
      at process.processTicksAndRejections (node:internal/process/task_queues:82:21)

npm manifest: 
  {
    "name": "express-test-app",
    "version": "1.0.0",
    "main": "index.js",
    "repository": "https://github.com/johnakh/express-test-app.git",
    "author": "jakhilomen <john.akhilomen.contractor@realtor.com>",
    "license": "MIT"
  }

yarn manifest: 
  No manifest

Lockfile: 
  No lockfile
